<?xml version="1.0" encoding="UTF-8"?>
<!-- Generated by org.testng.reporters.JUnitReportReporter -->
<testsuite hostname="DEEPU-PC" name="com.actitime.projectandcustomertest.SampleTest" tests="1" failures="0" timestamp="27 Jul 2014 03:53:11 GMT" time="14.808" errors="0">
  <testcase name="samplePageTest" time="14.808" classname="com.actitime.projectandcustomertest.SampleTest"/>
</testsuite> <!-- com.actitime.projectandcustomertest.SampleTest -->
