<?xml version="1.0" encoding="UTF-8"?>
<!-- Generated by org.testng.reporters.JUnitReportReporter -->
<testsuite hostname="DEEPU-PC" name="com.actitime.projectandcustomertest.ProjectAndCustomerTest" tests="2" failures="0" timestamp="28 Jul 2014 04:16:27 GMT" time="17.878" errors="0">
  <testcase name="verifyCustomerDetailsInWebTableTest" time="8.096" classname="com.actitime.projectandcustomertest.ProjectAndCustomerTest"/>
  <testcase name="createCustomerTest" time="9.782" classname="com.actitime.projectandcustomertest.ProjectAndCustomerTest"/>
</testsuite> <!-- com.actitime.projectandcustomertest.ProjectAndCustomerTest -->
