<?xml version="1.0" encoding="UTF-8"?>
<!-- Generated by org.testng.reporters.JUnitReportReporter -->
<testsuite hostname="Ankit-PC" name="testCases.TestCase1" tests="1" failures="0" timestamp="6 Feb 2018 14:12:47 GMT" time="77.385" errors="0">
  <testcase name="AddCstmrTest" time="77.385" classname="testCases.TestCase1"/>
</testsuite> <!-- testCases.TestCase1 -->
