<?xml version="1.0" encoding="UTF-8"?>
<!-- Generated by org.testng.reporters.JUnitReportReporter -->
<testsuite hostname="Ankit-PC" name="testCases.TrailTest" tests="1" failures="0" timestamp="30 Jan 2018 17:23:33 GMT" time="106.392" errors="0">
  <testcase name="f" time="106.392" classname="testCases.TrailTest"/>
</testsuite> <!-- testCases.TrailTest -->
