<?xml version="1.0" encoding="UTF-8"?>
<!-- Generated by org.testng.reporters.JUnitReportReporter -->
<testsuite hostname="Ankit-PC" name="automationFramework.TesnNg2" tests="2" failures="0" timestamp="1 Feb 2018 09:36:23 GMT" time="0.083" errors="0">
  <testcase name="testCase1" time="0.067" classname="automationFramework.TesnNg2"/>
  <testcase name="testCase2" time="0.016" classname="automationFramework.TesnNg2"/>
</testsuite> <!-- automationFramework.TesnNg2 -->
