<?xml version="1.0" encoding="UTF-8"?>
<!-- Generated by org.testng.reporters.JUnitReportReporter -->
<testsuite hostname="Ankit-PC" name="automationFramework.TestNgClass_m1" tests="2" failures="0" timestamp="30 Mar 2019 11:01:54 GMT" time="0.140" errors="0">
  <testcase name="TestngTest2" time="0.074" classname="automationFramework.TestNgClass_m1"/>
  <testcase name="TestngTest1" time="0.066" classname="automationFramework.TestNgClass_m1"/>
</testsuite> <!-- automationFramework.TestNgClass_m1 -->
